c:\users\dimai\source\repos\project1\project1\debug\vc142.pdb
c:\users\dimai\source\repos\project1\project1\debug\vc142.idb
c:\users\dimai\source\repos\project1\project1\debug\main.obj
c:\users\dimai\source\repos\project1\project1\debug\shipmethods.obj
c:\users\dimai\source\repos\project1\project1\debug\map.obj
c:\users\dimai\source\repos\project1\project1\debug\camera.obj
c:\users\dimai\source\repos\project1\project1\debug\button.obj
c:\users\dimai\source\repos\project1\project1\debug\spaceship.obj
c:\users\dimai\source\repos\project1\project1\debug\layer.obj
c:\users\dimai\source\repos\project1\debug\project1.pdb
c:\users\dimai\source\repos\project1\project1\debug\project1.tlog\cl.command.1.tlog
c:\users\dimai\source\repos\project1\project1\debug\project1.tlog\cl.read.1.tlog
c:\users\dimai\source\repos\project1\project1\debug\project1.tlog\cl.write.1.tlog
c:\users\dimai\source\repos\project1\project1\debug\project1.tlog\link.11892-cvtres.read.1.tlog
c:\users\dimai\source\repos\project1\project1\debug\project1.tlog\link.11892-cvtres.write.1.tlog
c:\users\dimai\source\repos\project1\project1\debug\project1.tlog\link.11892-rc.read.1.tlog
c:\users\dimai\source\repos\project1\project1\debug\project1.tlog\link.11892-rc.write.1.tlog
c:\users\dimai\source\repos\project1\project1\debug\project1.tlog\link.11892.read.1.tlog
c:\users\dimai\source\repos\project1\project1\debug\project1.tlog\link.11892.write.1.tlog
c:\users\dimai\source\repos\project1\project1\debug\project1.tlog\link.command.1.tlog
c:\users\dimai\source\repos\project1\project1\debug\project1.tlog\link.read.1.tlog
c:\users\dimai\source\repos\project1\project1\debug\project1.tlog\link.write.1.tlog
