  Artist.cpp
C:\Users\dimai\source\repos\Project1\Project1\Artist.cpp(15,48): warning C4244:  аргумент: преобразование "int" в "T", возможна потеря данных
C:\Users\dimai\source\repos\Project1\Project1\Artist.cpp(15,48): warning C4244:         with
C:\Users\dimai\source\repos\Project1\Project1\Artist.cpp(15,48): warning C4244:         [
C:\Users\dimai\source\repos\Project1\Project1\Artist.cpp(15,48): warning C4244:             T=float
C:\Users\dimai\source\repos\Project1\Project1\Artist.cpp(15,48): warning C4244:         ]
C:\Users\dimai\source\repos\Project1\Project1\Artist.cpp(15,33): warning C4244:  аргумент: преобразование "int" в "T", возможна потеря данных
C:\Users\dimai\source\repos\Project1\Project1\Artist.cpp(15,33): warning C4244:         with
C:\Users\dimai\source\repos\Project1\Project1\Artist.cpp(15,33): warning C4244:         [
C:\Users\dimai\source\repos\Project1\Project1\Artist.cpp(15,33): warning C4244:             T=float
C:\Users\dimai\source\repos\Project1\Project1\Artist.cpp(15,33): warning C4244:         ]
C:\Users\dimai\source\repos\Project1\Project1\Artist.cpp(16,35): warning C4244:  аргумент: преобразование "const T" в "T", возможна потеря данных
C:\Users\dimai\source\repos\Project1\Project1\Artist.cpp(16,35): warning C4244:         with
C:\Users\dimai\source\repos\Project1\Project1\Artist.cpp(16,35): warning C4244:         [
C:\Users\dimai\source\repos\Project1\Project1\Artist.cpp(16,35): warning C4244:             T=int
C:\Users\dimai\source\repos\Project1\Project1\Artist.cpp(16,35): warning C4244:         ]
C:\Users\dimai\source\repos\Project1\Project1\Artist.cpp(16,35): warning C4244:         and
C:\Users\dimai\source\repos\Project1\Project1\Artist.cpp(16,35): warning C4244:         [
C:\Users\dimai\source\repos\Project1\Project1\Artist.cpp(16,35): warning C4244:             T=float
C:\Users\dimai\source\repos\Project1\Project1\Artist.cpp(16,35): warning C4244:         ]
C:\Users\dimai\source\repos\Project1\Project1\Artist.cpp(16,21): warning C4244:  аргумент: преобразование "const T" в "T", возможна потеря данных
C:\Users\dimai\source\repos\Project1\Project1\Artist.cpp(16,21): warning C4244:         with
C:\Users\dimai\source\repos\Project1\Project1\Artist.cpp(16,21): warning C4244:         [
C:\Users\dimai\source\repos\Project1\Project1\Artist.cpp(16,21): warning C4244:             T=int
C:\Users\dimai\source\repos\Project1\Project1\Artist.cpp(16,21): warning C4244:         ]
C:\Users\dimai\source\repos\Project1\Project1\Artist.cpp(16,21): warning C4244:         and
C:\Users\dimai\source\repos\Project1\Project1\Artist.cpp(16,21): warning C4244:         [
C:\Users\dimai\source\repos\Project1\Project1\Artist.cpp(16,21): warning C4244:             T=float
C:\Users\dimai\source\repos\Project1\Project1\Artist.cpp(16,21): warning C4244:         ]
C:\Users\dimai\source\repos\Project1\Project1\Artist.cpp(102,46): warning C4244:  аргумент: преобразование "double" в "T", возможна потеря данных
C:\Users\dimai\source\repos\Project1\Project1\Artist.cpp(102,46): warning C4244:         with
C:\Users\dimai\source\repos\Project1\Project1\Artist.cpp(102,46): warning C4244:         [
C:\Users\dimai\source\repos\Project1\Project1\Artist.cpp(102,46): warning C4244:             T=int
C:\Users\dimai\source\repos\Project1\Project1\Artist.cpp(102,46): warning C4244:         ]
C:\Users\dimai\source\repos\Project1\Project1\Artist.cpp(101,46): warning C4244:  аргумент: преобразование "double" в "T", возможна потеря данных
C:\Users\dimai\source\repos\Project1\Project1\Artist.cpp(101,46): warning C4244:         with
C:\Users\dimai\source\repos\Project1\Project1\Artist.cpp(101,46): warning C4244:         [
C:\Users\dimai\source\repos\Project1\Project1\Artist.cpp(101,46): warning C4244:             T=int
C:\Users\dimai\source\repos\Project1\Project1\Artist.cpp(101,46): warning C4244:         ]
C:\Users\dimai\source\repos\Project1\Project1\Artist.cpp(141,28): warning C4244:  аргумент: преобразование "double" в "float", возможна потеря данных
C:\Users\dimai\source\repos\Project1\Project1\Artist.cpp(143,27): warning C4244:  аргумент: преобразование "double" в "float", возможна потеря данных
C:\Users\dimai\source\repos\Project1\Project1\Artist.cpp(145,31): warning C4244:  аргумент: преобразование "double" в "float", возможна потеря данных
C:\Users\dimai\source\repos\Project1\Project1\Artist.cpp(147,30): warning C4244:  аргумент: преобразование "double" в "float", возможна потеря данных
C:\Users\dimai\source\repos\Project1\Project1\Artist.cpp(151,21): warning C4305:  аргумент: усечение из "double" в "float"
C:\Users\dimai\source\repos\Project1\Project1\Artist.cpp(153,21): warning C4305:  аргумент: усечение из "double" в "float"
  Project1.vcxproj -> C:\Users\dimai\source\repos\Project1\Debug\Project1.exe
